# JRE version: OpenJDK Runtime Environment Temurin-17.0.8.1+1 (17.0.8.1+1) (build 17.0.8.1+1)
# Java VM: OpenJDK 64-Bit Server VM Temurin-17.0.8.1+1 (17.0.8.1+1, mixed mode, sharing, tiered, compressed oops, compressed class ptrs, g1 gc, bsd-amd64)
GC Precious Log:
 CPUs: 10 total, 10 available
 Memory: 65536M
 Large Page Support: Disabled
 NUMA Support: Disabled
 Compressed Oops: Enabled (Zero based)
 Heap Region Size: 8M
 Heap Min Capacity: 8M
 Heap Initial Capacity: 1G
 Heap Max Capacity: 16G
 Pre-touch: Disabled
 Parallel Workers: 9
 Concurrent Workers: 2
 Concurrent Refinement Workers: 9
 Periodic GC: Disabled
Heap:
 garbage-first heap   total 638976K, used 149143K [0x0000000400000000, 0x0000000800000000)
  region size 8192K, 7 young (57344K), 3 survivors (24576K)
 Metaspace       used 146027K, committed 147136K, reserved 1179648K
  class space    used 18914K, committed 19456K, reserved 1048576K
GC Heap History (20 events):
Event: 17.965 GC heap before
{Heap before GC invocations=17 (full 0):
 garbage-first heap   total 221184K, used 161078K [0x0000000400000000, 0x0000000800000000)
  region size 8192K, 12 young (98304K), 2 survivors (16384K)
 Metaspace       used 128407K, committed 129408K, reserved 1179648K
  class space    used 16845K, committed 17344K, reserved 1048576K
}
Event: 17.976 GC heap after
{Heap after GC invocations=18 (full 0):
 garbage-first heap   total 221184K, used 71716K [0x0000000400000000, 0x0000000800000000)
  region size 8192K, 1 young (8192K), 1 survivors (8192K)
 Metaspace       used 128407K, committed 129408K, reserved 1179648K
  class space    used 16845K, committed 17344K, reserved 1048576K
}
Event: 20.627 GC heap before
{Heap before GC invocations=18 (full 0):
 garbage-first heap   total 221184K, used 153636K [0x0000000400000000, 0x0000000800000000)
  region size 8192K, 11 young (90112K), 1 survivors (8192K)
 Metaspace       used 142499K, committed 143552K, reserved 1179648K
  class space    used 18636K, committed 19136K, reserved 1048576K
}
Event: 20.633 GC heap after
{Heap after GC invocations=19 (full 0):
 garbage-first heap   total 221184K, used 78667K [0x0000000400000000, 0x0000000800000000)
  region size 8192K, 2 young (16384K), 2 survivors (16384K)
 Metaspace       used 142499K, committed 143552K, reserved 1179648K
  class space    used 18636K, committed 19136K, reserved 1048576K
}
Event: 23.092 GC heap before
{Heap before GC invocations=19 (full 0):
 garbage-first heap   total 221184K, used 152395K [0x0000000400000000, 0x0000000800000000)
  region size 8192K, 11 young (90112K), 2 survivors (16384K)
 Metaspace       used 142635K, committed 143680K, reserved 1179648K
  class space    used 18654K, committed 19136K, reserved 1048576K
}
Event: 23.106 GC heap after
{Heap after GC invocations=20 (full 0):
 garbage-first heap   total 221184K, used 82038K [0x0000000400000000, 0x0000000800000000)
  region size 8192K, 2 young (16384K), 2 survivors (16384K)
 Metaspace       used 142635K, committed 143680K, reserved 1179648K
  class space    used 18654K, committed 19136K, reserved 1048576K
}
Event: 25.225 GC heap before
{Heap before GC invocations=20 (full 0):
 garbage-first heap   total 221184K, used 155766K [0x0000000400000000, 0x0000000800000000)
  region size 8192K, 11 young (90112K), 2 survivors (16384K)
 Metaspace       used 142704K, committed 143744K, reserved 1179648K
  class space    used 18656K, committed 19136K, reserved 1048576K
}
Event: 25.250 GC heap after
{Heap after GC invocations=21 (full 0):
 garbage-first heap   total 221184K, used 85899K [0x0000000400000000, 0x0000000800000000)
  region size 8192K, 1 young (8192K), 1 survivors (8192K)
 Metaspace       used 142704K, committed 143744K, reserved 1179648K
  class space    used 18656K, committed 19136K, reserved 1048576K
}
Event: 27.207 GC heap before
{Heap before GC invocations=21 (full 0):
 garbage-first heap   total 221184K, used 159627K [0x0000000400000000, 0x0000000800000000)
  region size 8192K, 10 young (81920K), 1 survivors (8192K)
 Metaspace       used 142715K, committed 143744K, reserved 1179648K
  class space    used 18656K, committed 19136K, reserved 1048576K
}
Event: 27.234 GC heap after
{Heap after GC invocations=22 (full 0):
 garbage-first heap   total 221184K, used 89054K [0x0000000400000000, 0x0000000800000000)
  region size 8192K, 2 young (16384K), 2 survivors (16384K)
 Metaspace       used 142715K, committed 143744K, reserved 1179648K
  class space    used 18656K, committed 19136K, reserved 1048576K
}
Event: 29.274 GC heap before
{Heap before GC invocations=22 (full 0):
 garbage-first heap   total 221184K, used 162782K [0x0000000400000000, 0x0000000800000000)
  region size 8192K, 11 young (90112K), 2 survivors (16384K)
 Metaspace       used 142715K, committed 143744K, reserved 1179648K
  class space    used 18656K, committed 19136K, reserved 1048576K
}
Event: 29.302 GC heap after
{Heap after GC invocations=23 (full 0):
 garbage-first heap   total 221184K, used 92567K [0x0000000400000000, 0x0000000800000000)
  region size 8192K, 2 young (16384K), 2 survivors (16384K)
 Metaspace       used 142715K, committed 143744K, reserved 1179648K
  class space    used 18656K, committed 19136K, reserved 1048576K
}
Event: 30.771 GC heap before
{Heap before GC invocations=23 (full 0):
 garbage-first heap   total 221184K, used 158103K [0x0000000400000000, 0x0000000800000000)
  region size 8192K, 10 young (81920K), 2 survivors (16384K)
 Metaspace       used 142717K, committed 143744K, reserved 1179648K
  class space    used 18656K, committed 19136K, reserved 1048576K
}
Event: 30.804 GC heap after
{Heap after GC invocations=24 (full 0):
 garbage-first heap   total 221184K, used 95786K [0x0000000400000000, 0x0000000800000000)
  region size 8192K, 2 young (16384K), 2 survivors (16384K)
 Metaspace       used 142717K, committed 143744K, reserved 1179648K
  class space    used 18656K, committed 19136K, reserved 1048576K
}
Event: 32.053 GC heap before
{Heap before GC invocations=24 (full 0):
 garbage-first heap   total 221184K, used 161322K [0x0000000400000000, 0x0000000800000000)
  region size 8192K, 10 young (81920K), 2 survivors (16384K)
 Metaspace       used 142717K, committed 143744K, reserved 1179648K
  class space    used 18656K, committed 19136K, reserved 1048576K
}
Event: 32.102 GC heap after
{Heap after GC invocations=25 (full 0):
 garbage-first heap   total 638976K, used 99665K [0x0000000400000000, 0x0000000800000000)
  region size 8192K, 2 young (16384K), 2 survivors (16384K)
 Metaspace       used 142717K, committed 143744K, reserved 1179648K
  class space    used 18656K, committed 19136K, reserved 1048576K
}
Event: 37.498 GC heap before
{Heap before GC invocations=25 (full 0):
 garbage-first heap   total 638976K, used 501073K [0x0000000400000000, 0x0000000800000000)
  region size 8192K, 46 young (376832K), 2 survivors (16384K)
 Metaspace       used 144547K, committed 145664K, reserved 1179648K
  class space    used 18835K, committed 19392K, reserved 1048576K
}
Event: 37.517 GC heap after
{Heap after GC invocations=26 (full 0):
 garbage-first heap   total 638976K, used 107534K [0x0000000400000000, 0x0000000800000000)
  region size 8192K, 3 young (24576K), 3 survivors (24576K)
 Metaspace       used 144547K, committed 145664K, reserved 1179648K
  class space    used 18835K, committed 19392K, reserved 1048576K
}
Event: 40.187 GC heap before
{Heap before GC invocations=26 (full 0):
 garbage-first heap   total 638976K, used 484366K [0x0000000400000000, 0x0000000800000000)
  region size 8192K, 46 young (376832K), 3 survivors (24576K)
 Metaspace       used 145003K, committed 146048K, reserved 1179648K
  class space    used 18838K, committed 19392K, reserved 1048576K
}
Event: 40.206 GC heap after
{Heap after GC invocations=27 (full 0):
 garbage-first heap   total 638976K, used 108183K [0x0000000400000000, 0x0000000800000000)
  region size 8192K, 3 young (24576K), 3 survivors (24576K)
 Metaspace       used 145003K, committed 146048K, reserved 1179648K
  class space    used 18838K, committed 19392K, reserved 1048576K
}

