# JRE version: OpenJDK Runtime Environment Temurin-17.0.8.1+1 (17.0.8.1+1) (build 17.0.8.1+1)
# Java VM: OpenJDK 64-Bit Server VM Temurin-17.0.8.1+1 (17.0.8.1+1, mixed mode, sharing, tiered, compressed oops, compressed class ptrs, g1 gc, bsd-amd64)
GC Precious Log:
 CPUs: 10 total, 10 available
 Memory: 65536M
 Large Page Support: Disabled
 NUMA Support: Disabled
 Compressed Oops: Enabled (Zero based)
 Heap Region Size: 8M
 Heap Min Capacity: 8M
 Heap Initial Capacity: 1G
 Heap Max Capacity: 16G
 Pre-touch: Disabled
 Parallel Workers: 9
 Concurrent Workers: 2
 Concurrent Refinement Workers: 9
 Periodic GC: Disabled
Heap:
 garbage-first heap   total 638976K, used 501292K [0x0000000400000000, 0x0000000800000000)
  region size 8192K, 46 young (376832K), 2 survivors (16384K)
 Metaspace       used 146014K, committed 147072K, reserved 1179648K
  class space    used 18923K, committed 19456K, reserved 1048576K
GC Heap History (20 events):
Event: 18.105 GC heap before
{Heap before GC invocations=17 (full 0):
 garbage-first heap   total 221184K, used 161409K [0x0000000400000000, 0x0000000800000000)
  region size 8192K, 12 young (98304K), 2 survivors (16384K)
 Metaspace       used 127836K, committed 128832K, reserved 1179648K
  class space    used 16796K, committed 17280K, reserved 1048576K
}
Event: 18.118 GC heap after
{Heap after GC invocations=18 (full 0):
 garbage-first heap   total 221184K, used 72235K [0x0000000400000000, 0x0000000800000000)
  region size 8192K, 1 young (8192K), 1 survivors (8192K)
 Metaspace       used 127836K, committed 128832K, reserved 1179648K
  class space    used 16796K, committed 17280K, reserved 1048576K
}
Event: 20.854 GC heap before
{Heap before GC invocations=18 (full 0):
 garbage-first heap   total 221184K, used 154155K [0x0000000400000000, 0x0000000800000000)
  region size 8192K, 11 young (90112K), 1 survivors (8192K)
 Metaspace       used 142449K, committed 143488K, reserved 1179648K
  class space    used 18623K, committed 19136K, reserved 1048576K
}
Event: 20.860 GC heap after
{Heap after GC invocations=19 (full 0):
 garbage-first heap   total 221184K, used 78635K [0x0000000400000000, 0x0000000800000000)
  region size 8192K, 2 young (16384K), 2 survivors (16384K)
 Metaspace       used 142449K, committed 143488K, reserved 1179648K
  class space    used 18623K, committed 19136K, reserved 1048576K
}
Event: 23.342 GC heap before
{Heap before GC invocations=19 (full 0):
 garbage-first heap   total 221184K, used 152363K [0x0000000400000000, 0x0000000800000000)
  region size 8192K, 11 young (90112K), 2 survivors (16384K)
 Metaspace       used 142570K, committed 143616K, reserved 1179648K
  class space    used 18638K, committed 19136K, reserved 1048576K
}
Event: 23.353 GC heap after
{Heap after GC invocations=20 (full 0):
 garbage-first heap   total 221184K, used 82454K [0x0000000400000000, 0x0000000800000000)
  region size 8192K, 2 young (16384K), 2 survivors (16384K)
 Metaspace       used 142570K, committed 143616K, reserved 1179648K
  class space    used 18638K, committed 19136K, reserved 1048576K
}
Event: 25.270 GC heap before
{Heap before GC invocations=20 (full 0):
 garbage-first heap   total 221184K, used 156182K [0x0000000400000000, 0x0000000800000000)
  region size 8192K, 11 young (90112K), 2 survivors (16384K)
 Metaspace       used 142703K, committed 143744K, reserved 1179648K
  class space    used 18655K, committed 19136K, reserved 1048576K
}
Event: 25.288 GC heap after
{Heap after GC invocations=21 (full 0):
 garbage-first heap   total 221184K, used 85917K [0x0000000400000000, 0x0000000800000000)
  region size 8192K, 1 young (8192K), 1 survivors (8192K)
 Metaspace       used 142703K, committed 143744K, reserved 1179648K
  class space    used 18655K, committed 19136K, reserved 1048576K
}
Event: 26.890 GC heap before
{Heap before GC invocations=21 (full 0):
 garbage-first heap   total 221184K, used 159645K [0x0000000400000000, 0x0000000800000000)
  region size 8192K, 10 young (81920K), 1 survivors (8192K)
 Metaspace       used 142715K, committed 143744K, reserved 1179648K
  class space    used 18655K, committed 19136K, reserved 1048576K
}
Event: 26.920 GC heap after
{Heap after GC invocations=22 (full 0):
 garbage-first heap   total 221184K, used 89119K [0x0000000400000000, 0x0000000800000000)
  region size 8192K, 2 young (16384K), 2 survivors (16384K)
 Metaspace       used 142715K, committed 143744K, reserved 1179648K
  class space    used 18655K, committed 19136K, reserved 1048576K
}
Event: 28.186 GC heap before
{Heap before GC invocations=22 (full 0):
 garbage-first heap   total 221184K, used 162847K [0x0000000400000000, 0x0000000800000000)
  region size 8192K, 11 young (90112K), 2 survivors (16384K)
 Metaspace       used 142715K, committed 143744K, reserved 1179648K
  class space    used 18655K, committed 19136K, reserved 1048576K
}
Event: 28.226 GC heap after
{Heap after GC invocations=23 (full 0):
 garbage-first heap   total 221184K, used 92807K [0x0000000400000000, 0x0000000800000000)
  region size 8192K, 2 young (16384K), 2 survivors (16384K)
 Metaspace       used 142715K, committed 143744K, reserved 1179648K
  class space    used 18655K, committed 19136K, reserved 1048576K
}
Event: 29.315 GC heap before
{Heap before GC invocations=23 (full 0):
 garbage-first heap   total 221184K, used 158343K [0x0000000400000000, 0x0000000800000000)
  region size 8192K, 10 young (81920K), 2 survivors (16384K)
 Metaspace       used 142715K, committed 143744K, reserved 1179648K
  class space    used 18655K, committed 19136K, reserved 1048576K
}
Event: 29.347 GC heap after
{Heap after GC invocations=24 (full 0):
 garbage-first heap   total 221184K, used 96039K [0x0000000400000000, 0x0000000800000000)
  region size 8192K, 2 young (16384K), 2 survivors (16384K)
 Metaspace       used 142715K, committed 143744K, reserved 1179648K
  class space    used 18655K, committed 19136K, reserved 1048576K
}
Event: 30.274 GC heap before
{Heap before GC invocations=24 (full 0):
 garbage-first heap   total 221184K, used 161575K [0x0000000400000000, 0x0000000800000000)
  region size 8192K, 10 young (81920K), 2 survivors (16384K)
 Metaspace       used 142715K, committed 143744K, reserved 1179648K
  class space    used 18655K, committed 19136K, reserved 1048576K
}
Event: 30.306 GC heap after
{Heap after GC invocations=25 (full 0):
 garbage-first heap   total 221184K, used 98944K [0x0000000400000000, 0x0000000800000000)
  region size 8192K, 2 young (16384K), 2 survivors (16384K)
 Metaspace       used 142715K, committed 143744K, reserved 1179648K
  class space    used 18655K, committed 19136K, reserved 1048576K
}
Event: 32.498 GC heap before
{Heap before GC invocations=25 (full 0):
 garbage-first heap   total 221184K, used 139904K [0x0000000400000000, 0x0000000800000000)
  region size 8192K, 8 young (65536K), 2 survivors (16384K)
 Metaspace       used 142927K, committed 143936K, reserved 1179648K
  class space    used 18684K, committed 19200K, reserved 1048576K
}
Event: 32.514 GC heap after
{Heap after GC invocations=26 (full 0):
 garbage-first heap   total 638976K, used 102065K [0x0000000400000000, 0x0000000800000000)
  region size 8192K, 2 young (16384K), 2 survivors (16384K)
 Metaspace       used 142927K, committed 143936K, reserved 1179648K
  class space    used 18684K, committed 19200K, reserved 1048576K
}
Event: 36.213 GC heap before
{Heap before GC invocations=26 (full 0):
 garbage-first heap   total 638976K, used 503473K [0x0000000400000000, 0x0000000800000000)
  region size 8192K, 46 young (376832K), 2 survivors (16384K)
 Metaspace       used 144615K, committed 145664K, reserved 1179648K
  class space    used 18842K, committed 19328K, reserved 1048576K
}
Event: 36.226 GC heap after
{Heap after GC invocations=27 (full 0):
 garbage-first heap   total 638976K, used 108076K [0x0000000400000000, 0x0000000800000000)
  region size 8192K, 2 young (16384K), 2 survivors (16384K)
 Metaspace       used 144615K, committed 145664K, reserved 1179648K
  class space    used 18842K, committed 19328K, reserved 1048576K
}

