# JRE version: OpenJDK Runtime Environment Temurin-17.0.8.1+1 (17.0.8.1+1) (build 17.0.8.1+1)
# Java VM: OpenJDK 64-Bit Server VM Temurin-17.0.8.1+1 (17.0.8.1+1, mixed mode, sharing, tiered, compressed oops, compressed class ptrs, g1 gc, bsd-amd64)
GC Precious Log:
 CPUs: 10 total, 10 available
 Memory: 65536M
 Large Page Support: Disabled
 NUMA Support: Disabled
 Compressed Oops: Enabled (Zero based)
 Heap Region Size: 8M
 Heap Min Capacity: 8M
 Heap Initial Capacity: 1G
 Heap Max Capacity: 16G
 Pre-touch: Disabled
 Parallel Workers: 9
 Concurrent Workers: 2
 Concurrent Refinement Workers: 9
 Periodic GC: Disabled
Heap:
 garbage-first heap   total 638976K, used 404257K [0x0000000400000000, 0x0000000800000000)
  region size 8192K, 37 young (303104K), 4 survivors (32768K)
 Metaspace       used 146061K, committed 147072K, reserved 1179648K
  class space    used 18929K, committed 19392K, reserved 1048576K
GC Heap History (20 events):
Event: 11.767 GC heap before
{Heap before GC invocations=12 (full 0):
 garbage-first heap   total 221184K, used 125616K [0x0000000400000000, 0x0000000800000000)
  region size 8192K, 12 young (98304K), 1 survivors (8192K)
 Metaspace       used 60249K, committed 60608K, reserved 1114112K
  class space    used 7420K, committed 7616K, reserved 1048576K
}
Event: 11.776 GC heap after
{Heap after GC invocations=13 (full 0):
 garbage-first heap   total 221184K, used 48416K [0x0000000400000000, 0x0000000800000000)
  region size 8192K, 1 young (8192K), 1 survivors (8192K)
 Metaspace       used 60249K, committed 60608K, reserved 1114112K
  class space    used 7420K, committed 7616K, reserved 1048576K
}
Event: 14.137 GC heap before
{Heap before GC invocations=14 (full 0):
 garbage-first heap   total 221184K, used 154912K [0x0000000400000000, 0x0000000800000000)
  region size 8192K, 15 young (122880K), 1 survivors (8192K)
 Metaspace       used 90550K, committed 91136K, reserved 1179648K
  class space    used 11617K, committed 11904K, reserved 1048576K
}
Event: 14.144 GC heap after
{Heap after GC invocations=15 (full 0):
 garbage-first heap   total 221184K, used 56756K [0x0000000400000000, 0x0000000800000000)
  region size 8192K, 2 young (16384K), 2 survivors (16384K)
 Metaspace       used 90550K, committed 91136K, reserved 1179648K
  class space    used 11617K, committed 11904K, reserved 1048576K
}
Event: 14.684 GC heap before
{Heap before GC invocations=15 (full 0):
 garbage-first heap   total 221184K, used 81332K [0x0000000400000000, 0x0000000800000000)
  region size 8192K, 7 young (57344K), 2 survivors (16384K)
 Metaspace       used 100616K, committed 101120K, reserved 1179648K
  class space    used 13164K, committed 13440K, reserved 1048576K
}
Event: 14.694 GC heap after
{Heap after GC invocations=16 (full 0):
 garbage-first heap   total 221184K, used 58876K [0x0000000400000000, 0x0000000800000000)
  region size 8192K, 2 young (16384K), 2 survivors (16384K)
 Metaspace       used 100616K, committed 101120K, reserved 1179648K
  class space    used 13164K, committed 13440K, reserved 1048576K
}
Event: 16.517 GC heap before
{Heap before GC invocations=17 (full 0):
 garbage-first heap   total 221184K, used 165372K [0x0000000400000000, 0x0000000800000000)
  region size 8192K, 14 young (114688K), 2 survivors (16384K)
 Metaspace       used 116142K, committed 116992K, reserved 1179648K
  class space    used 15336K, committed 15744K, reserved 1048576K
}
Event: 16.525 GC heap after
{Heap after GC invocations=18 (full 0):
 garbage-first heap   total 221184K, used 72145K [0x0000000400000000, 0x0000000800000000)
  region size 8192K, 2 young (16384K), 2 survivors (16384K)
 Metaspace       used 116142K, committed 116992K, reserved 1179648K
  class space    used 15336K, committed 15744K, reserved 1048576K
}
Event: 17.877 GC heap before
{Heap before GC invocations=18 (full 0):
 garbage-first heap   total 221184K, used 162257K [0x0000000400000000, 0x0000000800000000)
  region size 8192K, 11 young (90112K), 2 survivors (16384K)
 Metaspace       used 125697K, committed 126656K, reserved 1179648K
  class space    used 16626K, committed 17088K, reserved 1048576K
}
Event: 17.887 GC heap after
{Heap after GC invocations=19 (full 0):
 garbage-first heap   total 221184K, used 72598K [0x0000000400000000, 0x0000000800000000)
  region size 8192K, 1 young (8192K), 1 survivors (8192K)
 Metaspace       used 125697K, committed 126656K, reserved 1179648K
  class space    used 16626K, committed 17088K, reserved 1048576K
}
Event: 19.985 GC heap before
{Heap before GC invocations=19 (full 0):
 garbage-first heap   total 221184K, used 154518K [0x0000000400000000, 0x0000000800000000)
  region size 8192K, 11 young (90112K), 1 survivors (8192K)
 Metaspace       used 142514K, committed 143616K, reserved 1179648K
  class space    used 18643K, committed 19136K, reserved 1048576K
}
Event: 19.992 GC heap after
{Heap after GC invocations=20 (full 0):
 garbage-first heap   total 221184K, used 78824K [0x0000000400000000, 0x0000000800000000)
  region size 8192K, 2 young (16384K), 2 survivors (16384K)
 Metaspace       used 142514K, committed 143616K, reserved 1179648K
  class space    used 18643K, committed 19136K, reserved 1048576K
}
Event: 20.549 GC heap before
{Heap before GC invocations=20 (full 0):
 garbage-first heap   total 221184K, used 152552K [0x0000000400000000, 0x0000000800000000)
  region size 8192K, 11 young (90112K), 2 survivors (16384K)
 Metaspace       used 142654K, committed 143680K, reserved 1179648K
  class space    used 18661K, committed 19136K, reserved 1048576K
}
Event: 20.557 GC heap after
{Heap after GC invocations=21 (full 0):
 garbage-first heap   total 221184K, used 82398K [0x0000000400000000, 0x0000000800000000)
  region size 8192K, 2 young (16384K), 2 survivors (16384K)
 Metaspace       used 142654K, committed 143680K, reserved 1179648K
  class space    used 18661K, committed 19136K, reserved 1048576K
}
Event: 20.724 GC heap before
{Heap before GC invocations=21 (full 0):
 garbage-first heap   total 221184K, used 156126K [0x0000000400000000, 0x0000000800000000)
  region size 8192K, 11 young (90112K), 2 survivors (16384K)
 Metaspace       used 142692K, committed 143744K, reserved 1179648K
  class space    used 18661K, committed 19136K, reserved 1048576K
}
Event: 20.748 GC heap after
{Heap after GC invocations=22 (full 0):
 garbage-first heap   total 638976K, used 85899K [0x0000000400000000, 0x0000000800000000)
  region size 8192K, 1 young (8192K), 1 survivors (8192K)
 Metaspace       used 142692K, committed 143744K, reserved 1179648K
  class space    used 18661K, committed 19136K, reserved 1048576K
}
Event: 24.019 GC heap before
{Heap before GC invocations=22 (full 0):
 garbage-first heap   total 638976K, used 479115K [0x0000000400000000, 0x0000000800000000)
  region size 8192K, 46 young (376832K), 1 survivors (8192K)
 Metaspace       used 143777K, committed 144832K, reserved 1179648K
  class space    used 18793K, committed 19264K, reserved 1048576K
}
Event: 24.052 GC heap after
{Heap after GC invocations=23 (full 0):
 garbage-first heap   total 638976K, used 101719K [0x0000000400000000, 0x0000000800000000)
  region size 8192K, 3 young (24576K), 3 survivors (24576K)
 Metaspace       used 143777K, committed 144832K, reserved 1179648K
  class space    used 18793K, committed 19264K, reserved 1048576K
}
Event: 27.740 GC heap before
{Heap before GC invocations=23 (full 0):
 garbage-first heap   total 638976K, used 478551K [0x0000000400000000, 0x0000000800000000)
  region size 8192K, 46 young (376832K), 3 survivors (24576K)
 Metaspace       used 144751K, committed 145856K, reserved 1179648K
  class space    used 18840K, committed 19328K, reserved 1048576K
}
Event: 27.772 GC heap after
{Heap after GC invocations=24 (full 0):
 garbage-first heap   total 638976K, used 109345K [0x0000000400000000, 0x0000000800000000)
  region size 8192K, 4 young (32768K), 4 survivors (32768K)
 Metaspace       used 144751K, committed 145856K, reserved 1179648K
  class space    used 18840K, committed 19328K, reserved 1048576K
}

