# JRE version: OpenJDK Runtime Environment Temurin-17.0.8.1+1 (17.0.8.1+1) (build 17.0.8.1+1)
# Java VM: OpenJDK 64-Bit Server VM Temurin-17.0.8.1+1 (17.0.8.1+1, mixed mode, sharing, tiered, compressed oops, compressed class ptrs, g1 gc, bsd-amd64)
GC Precious Log:
 CPUs: 10 total, 10 available
 Memory: 65536M
 Large Page Support: Disabled
 NUMA Support: Disabled
 Compressed Oops: Enabled (Zero based)
 Heap Region Size: 8M
 Heap Min Capacity: 8M
 Heap Initial Capacity: 1G
 Heap Max Capacity: 16G
 Pre-touch: Disabled
 Parallel Workers: 9
 Concurrent Workers: 2
 Concurrent Refinement Workers: 9
 Periodic GC: Disabled
Heap:
 garbage-first heap   total 647168K, used 308155K [0x0000000400000000, 0x0000000800000000)
  region size 8192K, 27 young (221184K), 4 survivors (32768K)
 Metaspace       used 146023K, committed 147072K, reserved 1179648K
  class space    used 18916K, committed 19456K, reserved 1048576K
GC Heap History (20 events):
Event: 11.480 GC heap before
{Heap before GC invocations=10 (full 0):
 garbage-first heap   total 245760K, used 150709K [0x0000000400000000, 0x0000000800000000)
  region size 8192K, 16 young (131072K), 2 survivors (16384K)
 Metaspace       used 60249K, committed 60608K, reserved 1114112K
  class space    used 7420K, committed 7616K, reserved 1048576K
}
Event: 11.492 GC heap after
{Heap after GC invocations=11 (full 0):
 garbage-first heap   total 245760K, used 49785K [0x0000000400000000, 0x0000000800000000)
  region size 8192K, 3 young (24576K), 3 survivors (24576K)
 Metaspace       used 60249K, committed 60608K, reserved 1114112K
  class space    used 7420K, committed 7616K, reserved 1048576K
}
Event: 14.067 GC heap before
{Heap before GC invocations=12 (full 0):
 garbage-first heap   total 245760K, used 164473K [0x0000000400000000, 0x0000000800000000)
  region size 8192K, 18 young (147456K), 3 survivors (24576K)
 Metaspace       used 93360K, committed 93824K, reserved 1179648K
  class space    used 11922K, committed 12160K, reserved 1048576K
}
Event: 14.076 GC heap after
{Heap after GC invocations=13 (full 0):
 garbage-first heap   total 245760K, used 59269K [0x0000000400000000, 0x0000000800000000)
  region size 8192K, 3 young (24576K), 3 survivors (24576K)
 Metaspace       used 93360K, committed 93824K, reserved 1179648K
  class space    used 11922K, committed 12160K, reserved 1048576K
}
Event: 14.426 GC heap before
{Heap before GC invocations=13 (full 0):
 garbage-first heap   total 245760K, used 83845K [0x0000000400000000, 0x0000000800000000)
  region size 8192K, 7 young (57344K), 3 survivors (24576K)
 Metaspace       used 100631K, committed 101120K, reserved 1179648K
  class space    used 13166K, committed 13440K, reserved 1048576K
}
Event: 14.434 GC heap after
{Heap after GC invocations=14 (full 0):
 garbage-first heap   total 245760K, used 60253K [0x0000000400000000, 0x0000000800000000)
  region size 8192K, 2 young (16384K), 2 survivors (16384K)
 Metaspace       used 100631K, committed 101120K, reserved 1179648K
  class space    used 13166K, committed 13440K, reserved 1048576K
}
Event: 16.381 GC heap before
{Heap before GC invocations=15 (full 0):
 garbage-first heap   total 245760K, used 183133K [0x0000000400000000, 0x0000000800000000)
  region size 8192K, 15 young (122880K), 2 survivors (16384K)
 Metaspace       used 116650K, committed 117504K, reserved 1179648K
  class space    used 15399K, committed 15808K, reserved 1048576K
}
Event: 16.389 GC heap after
{Heap after GC invocations=16 (full 0):
 garbage-first heap   total 245760K, used 74602K [0x0000000400000000, 0x0000000800000000)
  region size 8192K, 2 young (16384K), 2 survivors (16384K)
 Metaspace       used 116650K, committed 117504K, reserved 1179648K
  class space    used 15399K, committed 15808K, reserved 1048576K
}
Event: 17.992 GC heap before
{Heap before GC invocations=16 (full 0):
 garbage-first heap   total 245760K, used 197482K [0x0000000400000000, 0x0000000800000000)
  region size 8192K, 14 young (114688K), 2 survivors (16384K)
 Metaspace       used 133860K, committed 134848K, reserved 1179648K
  class space    used 17485K, committed 17920K, reserved 1048576K
}
Event: 18.004 GC heap after
{Heap after GC invocations=17 (full 0):
 garbage-first heap   total 245760K, used 77810K [0x0000000400000000, 0x0000000800000000)
  region size 8192K, 1 young (8192K), 1 survivors (8192K)
 Metaspace       used 133860K, committed 134848K, reserved 1179648K
  class space    used 17485K, committed 17920K, reserved 1048576K
}
Event: 21.755 GC heap before
{Heap before GC invocations=17 (full 0):
 garbage-first heap   total 245760K, used 176114K [0x0000000400000000, 0x0000000800000000)
  region size 8192K, 13 young (106496K), 1 survivors (8192K)
 Metaspace       used 142543K, committed 143552K, reserved 1179648K
  class space    used 18642K, committed 19072K, reserved 1048576K
}
Event: 21.773 GC heap after
{Heap after GC invocations=18 (full 0):
 garbage-first heap   total 245760K, used 83240K [0x0000000400000000, 0x0000000800000000)
  region size 8192K, 2 young (16384K), 2 survivors (16384K)
 Metaspace       used 142543K, committed 143552K, reserved 1179648K
  class space    used 18642K, committed 19072K, reserved 1048576K
}
Event: 24.495 GC heap before
{Heap before GC invocations=18 (full 0):
 garbage-first heap   total 245760K, used 173352K [0x0000000400000000, 0x0000000800000000)
  region size 8192K, 13 young (106496K), 2 survivors (16384K)
 Metaspace       used 142675K, committed 143616K, reserved 1179648K
  class space    used 18657K, committed 19072K, reserved 1048576K
}
Event: 24.527 GC heap after
{Heap after GC invocations=19 (full 0):
 garbage-first heap   total 245760K, used 87577K [0x0000000400000000, 0x0000000800000000)
  region size 8192K, 2 young (16384K), 2 survivors (16384K)
 Metaspace       used 142675K, committed 143616K, reserved 1179648K
  class space    used 18657K, committed 19072K, reserved 1048576K
}
Event: 26.649 GC heap before
{Heap before GC invocations=19 (full 0):
 garbage-first heap   total 245760K, used 177689K [0x0000000400000000, 0x0000000800000000)
  region size 8192K, 13 young (106496K), 2 survivors (16384K)
 Metaspace       used 142707K, committed 143680K, reserved 1179648K
  class space    used 18657K, committed 19072K, reserved 1048576K
}
Event: 26.675 GC heap after
{Heap after GC invocations=20 (full 0):
 garbage-first heap   total 647168K, used 92540K [0x0000000400000000, 0x0000000800000000)
  region size 8192K, 2 young (16384K), 2 survivors (16384K)
 Metaspace       used 142707K, committed 143680K, reserved 1179648K
  class space    used 18657K, committed 19072K, reserved 1048576K
}
Event: 35.129 GC heap before
{Heap before GC invocations=20 (full 0):
 garbage-first heap   total 647168K, used 485756K [0x0000000400000000, 0x0000000800000000)
  region size 8192K, 47 young (385024K), 2 survivors (16384K)
 Metaspace       used 144212K, committed 145280K, reserved 1179648K
  class space    used 18825K, committed 19328K, reserved 1048576K
}
Event: 35.160 GC heap after
{Heap after GC invocations=21 (full 0):
 garbage-first heap   total 647168K, used 106870K [0x0000000400000000, 0x0000000800000000)
  region size 8192K, 3 young (24576K), 3 survivors (24576K)
 Metaspace       used 144212K, committed 145280K, reserved 1179648K
  class space    used 18825K, committed 19328K, reserved 1048576K
}
Event: 37.736 GC heap before
{Heap before GC invocations=21 (full 0):
 garbage-first heap   total 647168K, used 500086K [0x0000000400000000, 0x0000000800000000)
  region size 8192K, 47 young (385024K), 3 survivors (24576K)
 Metaspace       used 144812K, committed 145920K, reserved 1179648K
  class space    used 18841K, committed 19392K, reserved 1048576K
}
Event: 37.764 GC heap after
{Heap after GC invocations=22 (full 0):
 garbage-first heap   total 647168K, used 111547K [0x0000000400000000, 0x0000000800000000)
  region size 8192K, 4 young (32768K), 4 survivors (32768K)
 Metaspace       used 144812K, committed 145920K, reserved 1179648K
  class space    used 18841K, committed 19392K, reserved 1048576K
}

