# JRE version: OpenJDK Runtime Environment Temurin-17.0.8.1+1 (17.0.8.1+1) (build 17.0.8.1+1)
# Java VM: OpenJDK 64-Bit Server VM Temurin-17.0.8.1+1 (17.0.8.1+1, mixed mode, sharing, tiered, compressed oops, compressed class ptrs, g1 gc, bsd-amd64)
GC Precious Log:
 CPUs: 10 total, 10 available
 Memory: 65536M
 Large Page Support: Disabled
 NUMA Support: Disabled
 Compressed Oops: Enabled (Zero based)
 Heap Region Size: 8M
 Heap Min Capacity: 8M
 Heap Initial Capacity: 1G
 Heap Max Capacity: 16G
 Pre-touch: Disabled
 Parallel Workers: 9
 Concurrent Workers: 2
 Concurrent Refinement Workers: 9
 Periodic GC: Disabled
Heap:
 garbage-first heap   total 647168K, used 469717K [0x0000000400000000, 0x0000000800000000)
  region size 8192K, 42 young (344064K), 2 survivors (16384K)
 Metaspace       used 148333K, committed 149440K, reserved 1179648K
  class space    used 19112K, committed 19648K, reserved 1048576K
GC Heap History (20 events):
Event: 206.026 GC heap before
{Heap before GC invocations=38 (full 0):
 garbage-first heap   total 204800K, used 141823K [0x0000000400000000, 0x0000000800000000)
  region size 8192K, 7 young (57344K), 1 survivors (8192K)
 Metaspace       used 145090K, committed 146112K, reserved 1179648K
  class space    used 18849K, committed 19328K, reserved 1048576K
}
Event: 206.041 GC heap after
{Heap after GC invocations=39 (full 0):
 garbage-first heap   total 204800K, used 94888K [0x0000000400000000, 0x0000000800000000)
  region size 8192K, 1 young (8192K), 1 survivors (8192K)
 Metaspace       used 145090K, committed 146112K, reserved 1179648K
  class space    used 18849K, committed 19328K, reserved 1048576K
}
Event: 206.208 GC heap before
{Heap before GC invocations=39 (full 0):
 garbage-first heap   total 204800K, used 152232K [0x0000000400000000, 0x0000000800000000)
  region size 8192K, 8 young (65536K), 1 survivors (8192K)
 Metaspace       used 145090K, committed 146112K, reserved 1179648K
  class space    used 18849K, committed 19328K, reserved 1048576K
}
Event: 206.220 GC heap after
{Heap after GC invocations=40 (full 0):
 garbage-first heap   total 204800K, used 97734K [0x0000000400000000, 0x0000000800000000)
  region size 8192K, 1 young (8192K), 1 survivors (8192K)
 Metaspace       used 145090K, committed 146112K, reserved 1179648K
  class space    used 18849K, committed 19328K, reserved 1048576K
}
Event: 206.360 GC heap before
{Heap before GC invocations=41 (full 0):
 garbage-first heap   total 221184K, used 146886K [0x0000000400000000, 0x0000000800000000)
  region size 8192K, 7 young (57344K), 1 survivors (8192K)
 Metaspace       used 145106K, committed 146112K, reserved 1179648K
  class space    used 18853K, committed 19328K, reserved 1048576K
}
Event: 206.371 GC heap after
{Heap after GC invocations=42 (full 0):
 garbage-first heap   total 221184K, used 100006K [0x0000000400000000, 0x0000000800000000)
  region size 8192K, 1 young (8192K), 1 survivors (8192K)
 Metaspace       used 145106K, committed 146112K, reserved 1179648K
  class space    used 18853K, committed 19328K, reserved 1048576K
}
Event: 206.520 GC heap before
{Heap before GC invocations=42 (full 0):
 garbage-first heap   total 221184K, used 165542K [0x0000000400000000, 0x0000000800000000)
  region size 8192K, 9 young (73728K), 1 survivors (8192K)
 Metaspace       used 145106K, committed 146112K, reserved 1179648K
  class space    used 18853K, committed 19328K, reserved 1048576K
}
Event: 206.531 GC heap after
{Heap after GC invocations=43 (full 0):
 garbage-first heap   total 221184K, used 102831K [0x0000000400000000, 0x0000000800000000)
  region size 8192K, 1 young (8192K), 1 survivors (8192K)
 Metaspace       used 145106K, committed 146112K, reserved 1179648K
  class space    used 18853K, committed 19328K, reserved 1048576K
}
Event: 206.679 GC heap before
{Heap before GC invocations=44 (full 0):
 garbage-first heap   total 237568K, used 168367K [0x0000000400000000, 0x0000000800000000)
  region size 8192K, 9 young (73728K), 1 survivors (8192K)
 Metaspace       used 145106K, committed 146112K, reserved 1179648K
  class space    used 18853K, committed 19328K, reserved 1048576K
}
Event: 206.696 GC heap after
{Heap after GC invocations=45 (full 0):
 garbage-first heap   total 237568K, used 106122K [0x0000000400000000, 0x0000000800000000)
  region size 8192K, 2 young (16384K), 2 survivors (16384K)
 Metaspace       used 145106K, committed 146112K, reserved 1179648K
  class space    used 18853K, committed 19328K, reserved 1048576K
}
Event: 207.960 GC heap before
{Heap before GC invocations=45 (full 0):
 garbage-first heap   total 237568K, used 179850K [0x0000000400000000, 0x0000000800000000)
  region size 8192K, 11 young (90112K), 2 survivors (16384K)
 Metaspace       used 145198K, committed 146240K, reserved 1179648K
  class space    used 18874K, committed 19392K, reserved 1048576K
}
Event: 207.985 GC heap after
{Heap after GC invocations=46 (full 0):
 garbage-first heap   total 237568K, used 109994K [0x0000000400000000, 0x0000000800000000)
  region size 8192K, 2 young (16384K), 2 survivors (16384K)
 Metaspace       used 145198K, committed 146240K, reserved 1179648K
  class space    used 18874K, committed 19392K, reserved 1048576K
}
Event: 229.515 GC heap before
{Heap before GC invocations=46 (full 0):
 garbage-first heap   total 237568K, used 183722K [0x0000000400000000, 0x0000000800000000)
  region size 8192K, 11 young (90112K), 2 survivors (16384K)
 Metaspace       used 145392K, committed 146496K, reserved 1179648K
  class space    used 18881K, committed 19392K, reserved 1048576K
}
Event: 229.532 GC heap after
{Heap after GC invocations=47 (full 0):
 garbage-first heap   total 647168K, used 110565K [0x0000000400000000, 0x0000000800000000)
  region size 8192K, 1 young (8192K), 1 survivors (8192K)
 Metaspace       used 145392K, committed 146496K, reserved 1179648K
  class space    used 18881K, committed 19392K, reserved 1048576K
}
Event: 234.896 GC heap before
{Heap before GC invocations=47 (full 0):
 garbage-first heap   total 647168K, used 487397K [0x0000000400000000, 0x0000000800000000)
  region size 8192K, 47 young (385024K), 1 survivors (8192K)
 Metaspace       used 145487K, committed 146560K, reserved 1179648K
  class space    used 18881K, committed 19392K, reserved 1048576K
}
Event: 234.907 GC heap after
{Heap after GC invocations=48 (full 0):
 garbage-first heap   total 647168K, used 109990K [0x0000000400000000, 0x0000000800000000)
  region size 8192K, 1 young (8192K), 1 survivors (8192K)
 Metaspace       used 145487K, committed 146560K, reserved 1179648K
  class space    used 18881K, committed 19392K, reserved 1048576K
}
Event: 239.744 GC heap before
{Heap before GC invocations=48 (full 0):
 garbage-first heap   total 647168K, used 478630K [0x0000000400000000, 0x0000000800000000)
  region size 8192K, 47 young (385024K), 1 survivors (8192K)
 Metaspace       used 145493K, committed 146624K, reserved 1179648K
  class space    used 18881K, committed 19392K, reserved 1048576K
}
Event: 239.755 GC heap after
{Heap after GC invocations=49 (full 0):
 garbage-first heap   total 647168K, used 110229K [0x0000000400000000, 0x0000000800000000)
  region size 8192K, 1 young (8192K), 1 survivors (8192K)
 Metaspace       used 145493K, committed 146624K, reserved 1179648K
  class space    used 18881K, committed 19392K, reserved 1048576K
}
Event: 245.604 GC heap before
{Heap before GC invocations=49 (full 0):
 garbage-first heap   total 647168K, used 536213K [0x0000000400000000, 0x0000000800000000)
  region size 8192K, 47 young (385024K), 1 survivors (8192K)
 Metaspace       used 147027K, committed 148096K, reserved 1179648K
  class space    used 19036K, committed 19520K, reserved 1048576K
}
Event: 245.617 GC heap after
{Heap after GC invocations=50 (full 0):
 garbage-first heap   total 647168K, used 117461K [0x0000000400000000, 0x0000000800000000)
  region size 8192K, 2 young (16384K), 2 survivors (16384K)
 Metaspace       used 147027K, committed 148096K, reserved 1179648K
  class space    used 19036K, committed 19520K, reserved 1048576K
}

