# JRE version: OpenJDK Runtime Environment Temurin-17.0.8.1+1 (17.0.8.1+1) (build 17.0.8.1+1)
# Java VM: OpenJDK 64-Bit Server VM Temurin-17.0.8.1+1 (17.0.8.1+1, mixed mode, sharing, tiered, compressed oops, compressed class ptrs, g1 gc, bsd-amd64)
GC Precious Log:
 CPUs: 10 total, 10 available
 Memory: 65536M
 Large Page Support: Disabled
 NUMA Support: Disabled
 Compressed Oops: Enabled (Zero based)
 Heap Region Size: 8M
 Heap Min Capacity: 8M
 Heap Initial Capacity: 1G
 Heap Max Capacity: 16G
 Pre-touch: Disabled
 Parallel Workers: 9
 Concurrent Workers: 2
 Concurrent Refinement Workers: 9
 Periodic GC: Disabled
Heap:
 garbage-first heap   total 638976K, used 182160K [0x0000000400000000, 0x0000000800000000)
  region size 8192K, 12 young (98304K), 3 survivors (24576K)
 Metaspace       used 146003K, committed 147008K, reserved 1179648K
  class space    used 18909K, committed 19392K, reserved 1048576K
GC Heap History (20 events):
Event: 17.789 GC heap before
{Heap before GC invocations=17 (full 0):
 garbage-first heap   total 221184K, used 169051K [0x0000000400000000, 0x0000000800000000)
  region size 8192K, 12 young (98304K), 2 survivors (16384K)
 Metaspace       used 128701K, committed 129664K, reserved 1179648K
  class space    used 16869K, committed 17344K, reserved 1048576K
}
Event: 17.800 GC heap after
{Heap after GC invocations=18 (full 0):
 garbage-first heap   total 221184K, used 71506K [0x0000000400000000, 0x0000000800000000)
  region size 8192K, 1 young (8192K), 1 survivors (8192K)
 Metaspace       used 128701K, committed 129664K, reserved 1179648K
  class space    used 16869K, committed 17344K, reserved 1048576K
}
Event: 20.100 GC heap before
{Heap before GC invocations=18 (full 0):
 garbage-first heap   total 221184K, used 153426K [0x0000000400000000, 0x0000000800000000)
  region size 8192K, 11 young (90112K), 1 survivors (8192K)
 Metaspace       used 142348K, committed 143360K, reserved 1179648K
  class space    used 18600K, committed 19072K, reserved 1048576K
}
Event: 20.107 GC heap after
{Heap after GC invocations=19 (full 0):
 garbage-first heap   total 221184K, used 78123K [0x0000000400000000, 0x0000000800000000)
  region size 8192K, 2 young (16384K), 2 survivors (16384K)
 Metaspace       used 142348K, committed 143360K, reserved 1179648K
  class space    used 18600K, committed 19072K, reserved 1048576K
}
Event: 21.182 GC heap before
{Heap before GC invocations=19 (full 0):
 garbage-first heap   total 221184K, used 151851K [0x0000000400000000, 0x0000000800000000)
  region size 8192K, 11 young (90112K), 2 survivors (16384K)
 Metaspace       used 142468K, committed 143552K, reserved 1179648K
  class space    used 18616K, committed 19136K, reserved 1048576K
}
Event: 21.191 GC heap after
{Heap after GC invocations=20 (full 0):
 garbage-first heap   total 221184K, used 82053K [0x0000000400000000, 0x0000000800000000)
  region size 8192K, 2 young (16384K), 2 survivors (16384K)
 Metaspace       used 142468K, committed 143552K, reserved 1179648K
  class space    used 18616K, committed 19136K, reserved 1048576K
}
Event: 21.762 GC heap before
{Heap before GC invocations=20 (full 0):
 garbage-first heap   total 221184K, used 155781K [0x0000000400000000, 0x0000000800000000)
  region size 8192K, 11 young (90112K), 2 survivors (16384K)
 Metaspace       used 142531K, committed 143552K, reserved 1179648K
  class space    used 18616K, committed 19136K, reserved 1048576K
}
Event: 21.779 GC heap after
{Heap after GC invocations=21 (full 0):
 garbage-first heap   total 221184K, used 85811K [0x0000000400000000, 0x0000000800000000)
  region size 8192K, 1 young (8192K), 1 survivors (8192K)
 Metaspace       used 142531K, committed 143552K, reserved 1179648K
  class space    used 18616K, committed 19136K, reserved 1048576K
}
Event: 22.185 GC heap before
{Heap before GC invocations=21 (full 0):
 garbage-first heap   total 221184K, used 159539K [0x0000000400000000, 0x0000000800000000)
  region size 8192K, 10 young (81920K), 1 survivors (8192K)
 Metaspace       used 142543K, committed 143616K, reserved 1179648K
  class space    used 18616K, committed 19136K, reserved 1048576K
}
Event: 22.202 GC heap after
{Heap after GC invocations=22 (full 0):
 garbage-first heap   total 221184K, used 88842K [0x0000000400000000, 0x0000000800000000)
  region size 8192K, 2 young (16384K), 2 survivors (16384K)
 Metaspace       used 142543K, committed 143616K, reserved 1179648K
  class space    used 18616K, committed 19136K, reserved 1048576K
}
Event: 22.469 GC heap before
{Heap before GC invocations=22 (full 0):
 garbage-first heap   total 221184K, used 162570K [0x0000000400000000, 0x0000000800000000)
  region size 8192K, 11 young (90112K), 2 survivors (16384K)
 Metaspace       used 142543K, committed 143616K, reserved 1179648K
  class space    used 18616K, committed 19136K, reserved 1048576K
}
Event: 22.486 GC heap after
{Heap after GC invocations=23 (full 0):
 garbage-first heap   total 221184K, used 92398K [0x0000000400000000, 0x0000000800000000)
  region size 8192K, 2 young (16384K), 2 survivors (16384K)
 Metaspace       used 142543K, committed 143616K, reserved 1179648K
  class space    used 18616K, committed 19136K, reserved 1048576K
}
Event: 22.695 GC heap before
{Heap before GC invocations=23 (full 0):
 garbage-first heap   total 221184K, used 157934K [0x0000000400000000, 0x0000000800000000)
  region size 8192K, 10 young (81920K), 2 survivors (16384K)
 Metaspace       used 142543K, committed 143616K, reserved 1179648K
  class space    used 18616K, committed 19136K, reserved 1048576K
}
Event: 22.712 GC heap after
{Heap after GC invocations=24 (full 0):
 garbage-first heap   total 221184K, used 95220K [0x0000000400000000, 0x0000000800000000)
  region size 8192K, 2 young (16384K), 2 survivors (16384K)
 Metaspace       used 142543K, committed 143616K, reserved 1179648K
  class space    used 18616K, committed 19136K, reserved 1048576K
}
Event: 22.902 GC heap before
{Heap before GC invocations=24 (full 0):
 garbage-first heap   total 221184K, used 160756K [0x0000000400000000, 0x0000000800000000)
  region size 8192K, 10 young (81920K), 2 survivors (16384K)
 Metaspace       used 142543K, committed 143616K, reserved 1179648K
  class space    used 18616K, committed 19136K, reserved 1048576K
}
Event: 22.919 GC heap after
{Heap after GC invocations=25 (full 0):
 garbage-first heap   total 638976K, used 98303K [0x0000000400000000, 0x0000000800000000)
  region size 8192K, 2 young (16384K), 2 survivors (16384K)
 Metaspace       used 142543K, committed 143616K, reserved 1179648K
  class space    used 18616K, committed 19136K, reserved 1048576K
}
Event: 27.243 GC heap before
{Heap before GC invocations=25 (full 0):
 garbage-first heap   total 638976K, used 483327K [0x0000000400000000, 0x0000000800000000)
  region size 8192K, 46 young (376832K), 2 survivors (16384K)
 Metaspace       used 144530K, committed 145536K, reserved 1179648K
  class space    used 18829K, committed 19328K, reserved 1048576K
}
Event: 27.262 GC heap after
{Heap after GC invocations=26 (full 0):
 garbage-first heap   total 638976K, used 106929K [0x0000000400000000, 0x0000000800000000)
  region size 8192K, 3 young (24576K), 3 survivors (24576K)
 Metaspace       used 144530K, committed 145536K, reserved 1179648K
  class space    used 18829K, committed 19328K, reserved 1048576K
}
Event: 30.411 GC heap before
{Heap before GC invocations=26 (full 0):
 garbage-first heap   total 638976K, used 500145K [0x0000000400000000, 0x0000000800000000)
  region size 8192K, 46 young (376832K), 3 survivors (24576K)
 Metaspace       used 144950K, committed 145984K, reserved 1179648K
  class space    used 18834K, committed 19328K, reserved 1048576K
}
Event: 30.427 GC heap after
{Heap after GC invocations=27 (full 0):
 garbage-first heap   total 638976K, used 108432K [0x0000000400000000, 0x0000000800000000)
  region size 8192K, 3 young (24576K), 3 survivors (24576K)
 Metaspace       used 144950K, committed 145984K, reserved 1179648K
  class space    used 18834K, committed 19328K, reserved 1048576K
}

