# JRE version: OpenJDK Runtime Environment Temurin-17.0.8.1+1 (17.0.8.1+1) (build 17.0.8.1+1)
# Java VM: OpenJDK 64-Bit Server VM Temurin-17.0.8.1+1 (17.0.8.1+1, mixed mode, sharing, tiered, compressed oops, compressed class ptrs, g1 gc, bsd-amd64)
GC Precious Log:
 CPUs: 10 total, 10 available
 Memory: 65536M
 Large Page Support: Disabled
 NUMA Support: Disabled
 Compressed Oops: Enabled (Zero based)
 Heap Region Size: 8M
 Heap Min Capacity: 8M
 Heap Initial Capacity: 1G
 Heap Max Capacity: 16G
 Pre-touch: Disabled
 Parallel Workers: 9
 Concurrent Workers: 2
 Concurrent Refinement Workers: 9
 Periodic GC: Disabled
Heap:
 garbage-first heap   total 638976K, used 158253K [0x0000000400000000, 0x0000000800000000)
  region size 8192K, 8 young (65536K), 3 survivors (24576K)
 Metaspace       used 146032K, committed 147008K, reserved 1179648K
  class space    used 18917K, committed 19392K, reserved 1048576K
GC Heap History (20 events):
Event: 18.451 GC heap before
{Heap before GC invocations=17 (full 0):
 garbage-first heap   total 221184K, used 161165K [0x0000000400000000, 0x0000000800000000)
  region size 8192K, 12 young (98304K), 2 survivors (16384K)
 Metaspace       used 128550K, committed 129536K, reserved 1179648K
  class space    used 16863K, committed 17344K, reserved 1048576K
}
Event: 18.462 GC heap after
{Heap after GC invocations=18 (full 0):
 garbage-first heap   total 221184K, used 71466K [0x0000000400000000, 0x0000000800000000)
  region size 8192K, 1 young (8192K), 1 survivors (8192K)
 Metaspace       used 128550K, committed 129536K, reserved 1179648K
  class space    used 16863K, committed 17344K, reserved 1048576K
}
Event: 21.359 GC heap before
{Heap before GC invocations=18 (full 0):
 garbage-first heap   total 221184K, used 153386K [0x0000000400000000, 0x0000000800000000)
  region size 8192K, 11 young (90112K), 1 survivors (8192K)
 Metaspace       used 142337K, committed 143424K, reserved 1179648K
  class space    used 18607K, committed 19136K, reserved 1048576K
}
Event: 21.369 GC heap after
{Heap after GC invocations=19 (full 0):
 garbage-first heap   total 221184K, used 78357K [0x0000000400000000, 0x0000000800000000)
  region size 8192K, 2 young (16384K), 2 survivors (16384K)
 Metaspace       used 142337K, committed 143424K, reserved 1179648K
  class space    used 18607K, committed 19136K, reserved 1048576K
}
Event: 23.954 GC heap before
{Heap before GC invocations=19 (full 0):
 garbage-first heap   total 221184K, used 152085K [0x0000000400000000, 0x0000000800000000)
  region size 8192K, 11 young (90112K), 2 survivors (16384K)
 Metaspace       used 142496K, committed 143552K, reserved 1179648K
  class space    used 18623K, committed 19136K, reserved 1048576K
}
Event: 23.980 GC heap after
{Heap after GC invocations=20 (full 0):
 garbage-first heap   total 221184K, used 81900K [0x0000000400000000, 0x0000000800000000)
  region size 8192K, 2 young (16384K), 2 survivors (16384K)
 Metaspace       used 142496K, committed 143552K, reserved 1179648K
  class space    used 18623K, committed 19136K, reserved 1048576K
}
Event: 25.796 GC heap before
{Heap before GC invocations=20 (full 0):
 garbage-first heap   total 221184K, used 155628K [0x0000000400000000, 0x0000000800000000)
  region size 8192K, 11 young (90112K), 2 survivors (16384K)
 Metaspace       used 142632K, committed 143680K, reserved 1179648K
  class space    used 18644K, committed 19136K, reserved 1048576K
}
Event: 25.843 GC heap after
{Heap after GC invocations=21 (full 0):
 garbage-first heap   total 221184K, used 85751K [0x0000000400000000, 0x0000000800000000)
  region size 8192K, 1 young (8192K), 1 survivors (8192K)
 Metaspace       used 142632K, committed 143680K, reserved 1179648K
  class space    used 18644K, committed 19136K, reserved 1048576K
}
Event: 28.038 GC heap before
{Heap before GC invocations=21 (full 0):
 garbage-first heap   total 221184K, used 159479K [0x0000000400000000, 0x0000000800000000)
  region size 8192K, 10 young (81920K), 1 survivors (8192K)
 Metaspace       used 142715K, committed 143744K, reserved 1179648K
  class space    used 18659K, committed 19136K, reserved 1048576K
}
Event: 28.064 GC heap after
{Heap after GC invocations=22 (full 0):
 garbage-first heap   total 221184K, used 89360K [0x0000000400000000, 0x0000000800000000)
  region size 8192K, 2 young (16384K), 2 survivors (16384K)
 Metaspace       used 142715K, committed 143744K, reserved 1179648K
  class space    used 18659K, committed 19136K, reserved 1048576K
}
Event: 30.208 GC heap before
{Heap before GC invocations=22 (full 0):
 garbage-first heap   total 221184K, used 163088K [0x0000000400000000, 0x0000000800000000)
  region size 8192K, 11 young (90112K), 2 survivors (16384K)
 Metaspace       used 142715K, committed 143744K, reserved 1179648K
  class space    used 18659K, committed 19136K, reserved 1048576K
}
Event: 30.251 GC heap after
{Heap after GC invocations=23 (full 0):
 garbage-first heap   total 221184K, used 92917K [0x0000000400000000, 0x0000000800000000)
  region size 8192K, 2 young (16384K), 2 survivors (16384K)
 Metaspace       used 142715K, committed 143744K, reserved 1179648K
  class space    used 18659K, committed 19136K, reserved 1048576K
}
Event: 32.019 GC heap before
{Heap before GC invocations=23 (full 0):
 garbage-first heap   total 221184K, used 158453K [0x0000000400000000, 0x0000000800000000)
  region size 8192K, 10 young (81920K), 2 survivors (16384K)
 Metaspace       used 142715K, committed 143744K, reserved 1179648K
  class space    used 18659K, committed 19136K, reserved 1048576K
}
Event: 32.049 GC heap after
{Heap after GC invocations=24 (full 0):
 garbage-first heap   total 221184K, used 95774K [0x0000000400000000, 0x0000000800000000)
  region size 8192K, 2 young (16384K), 2 survivors (16384K)
 Metaspace       used 142715K, committed 143744K, reserved 1179648K
  class space    used 18659K, committed 19136K, reserved 1048576K
}
Event: 33.286 GC heap before
{Heap before GC invocations=24 (full 0):
 garbage-first heap   total 221184K, used 161310K [0x0000000400000000, 0x0000000800000000)
  region size 8192K, 10 young (81920K), 2 survivors (16384K)
 Metaspace       used 142716K, committed 143744K, reserved 1179648K
  class space    used 18659K, committed 19136K, reserved 1048576K
}
Event: 33.304 GC heap after
{Heap after GC invocations=25 (full 0):
 garbage-first heap   total 638976K, used 99194K [0x0000000400000000, 0x0000000800000000)
  region size 8192K, 2 young (16384K), 2 survivors (16384K)
 Metaspace       used 142716K, committed 143744K, reserved 1179648K
  class space    used 18659K, committed 19136K, reserved 1048576K
}
Event: 38.533 GC heap before
{Heap before GC invocations=25 (full 0):
 garbage-first heap   total 638976K, used 500602K [0x0000000400000000, 0x0000000800000000)
  region size 8192K, 46 young (376832K), 2 survivors (16384K)
 Metaspace       used 144588K, committed 145664K, reserved 1179648K
  class space    used 18839K, committed 19328K, reserved 1048576K
}
Event: 38.550 GC heap after
{Heap after GC invocations=26 (full 0):
 garbage-first heap   total 638976K, used 107339K [0x0000000400000000, 0x0000000800000000)
  region size 8192K, 3 young (24576K), 3 survivors (24576K)
 Metaspace       used 144588K, committed 145664K, reserved 1179648K
  class space    used 18839K, committed 19328K, reserved 1048576K
}
Event: 41.127 GC heap before
{Heap before GC invocations=26 (full 0):
 garbage-first heap   total 638976K, used 484171K [0x0000000400000000, 0x0000000800000000)
  region size 8192K, 46 young (376832K), 3 survivors (24576K)
 Metaspace       used 145007K, committed 146112K, reserved 1179648K
  class space    used 18842K, committed 19392K, reserved 1048576K
}
Event: 41.147 GC heap after
{Heap after GC invocations=27 (full 0):
 garbage-first heap   total 638976K, used 109101K [0x0000000400000000, 0x0000000800000000)
  region size 8192K, 3 young (24576K), 3 survivors (24576K)
 Metaspace       used 145007K, committed 146112K, reserved 1179648K
  class space    used 18842K, committed 19392K, reserved 1048576K
}

