# JRE version: OpenJDK Runtime Environment Temurin-17.0.8.1+1 (17.0.8.1+1) (build 17.0.8.1+1)
# Java VM: OpenJDK 64-Bit Server VM Temurin-17.0.8.1+1 (17.0.8.1+1, mixed mode, sharing, tiered, compressed oops, compressed class ptrs, g1 gc, bsd-amd64)
GC Precious Log:
 CPUs: 10 total, 10 available
 Memory: 65536M
 Large Page Support: Disabled
 NUMA Support: Disabled
 Compressed Oops: Enabled (Zero based)
 Heap Region Size: 8M
 Heap Min Capacity: 8M
 Heap Initial Capacity: 1G
 Heap Max Capacity: 16G
 Pre-touch: Disabled
 Parallel Workers: 9
 Concurrent Workers: 2
 Concurrent Refinement Workers: 9
 Periodic GC: Disabled
Heap:
 garbage-first heap   total 638976K, used 182684K [0x0000000400000000, 0x0000000800000000)
  region size 8192K, 12 young (98304K), 3 survivors (24576K)
 Metaspace       used 146109K, committed 147136K, reserved 1179648K
  class space    used 18922K, committed 19392K, reserved 1048576K
GC Heap History (20 events):
Event: 79.629 GC heap before
{Heap before GC invocations=17 (full 0):
 garbage-first heap   total 221184K, used 161882K [0x0000000400000000, 0x0000000800000000)
  region size 8192K, 11 young (90112K), 2 survivors (16384K)
 Metaspace       used 126217K, committed 127232K, reserved 1179648K
  class space    used 16687K, committed 17152K, reserved 1048576K
}
Event: 79.641 GC heap after
{Heap after GC invocations=18 (full 0):
 garbage-first heap   total 221184K, used 72712K [0x0000000400000000, 0x0000000800000000)
  region size 8192K, 1 young (8192K), 1 survivors (8192K)
 Metaspace       used 126217K, committed 127232K, reserved 1179648K
  class space    used 16687K, committed 17152K, reserved 1048576K
}
Event: 82.135 GC heap before
{Heap before GC invocations=18 (full 0):
 garbage-first heap   total 221184K, used 154632K [0x0000000400000000, 0x0000000800000000)
  region size 8192K, 11 young (90112K), 1 survivors (8192K)
 Metaspace       used 142706K, committed 143744K, reserved 1179648K
  class space    used 18665K, committed 19136K, reserved 1048576K
}
Event: 82.143 GC heap after
{Heap after GC invocations=19 (full 0):
 garbage-first heap   total 221184K, used 78446K [0x0000000400000000, 0x0000000800000000)
  region size 8192K, 2 young (16384K), 2 survivors (16384K)
 Metaspace       used 142706K, committed 143744K, reserved 1179648K
  class space    used 18665K, committed 19136K, reserved 1048576K
}
Event: 82.728 GC heap before
{Heap before GC invocations=19 (full 0):
 garbage-first heap   total 221184K, used 152174K [0x0000000400000000, 0x0000000800000000)
  region size 8192K, 11 young (90112K), 2 survivors (16384K)
 Metaspace       used 142765K, committed 143808K, reserved 1179648K
  class space    used 18666K, committed 19136K, reserved 1048576K
}
Event: 82.737 GC heap after
{Heap after GC invocations=20 (full 0):
 garbage-first heap   total 221184K, used 82187K [0x0000000400000000, 0x0000000800000000)
  region size 8192K, 2 young (16384K), 2 survivors (16384K)
 Metaspace       used 142765K, committed 143808K, reserved 1179648K
  class space    used 18666K, committed 19136K, reserved 1048576K
}
Event: 83.028 GC heap before
{Heap before GC invocations=20 (full 0):
 garbage-first heap   total 221184K, used 155915K [0x0000000400000000, 0x0000000800000000)
  region size 8192K, 11 young (90112K), 2 survivors (16384K)
 Metaspace       used 142820K, committed 143808K, reserved 1179648K
  class space    used 18666K, committed 19136K, reserved 1048576K
}
Event: 83.041 GC heap after
{Heap after GC invocations=21 (full 0):
 garbage-first heap   total 221184K, used 85611K [0x0000000400000000, 0x0000000800000000)
  region size 8192K, 1 young (8192K), 1 survivors (8192K)
 Metaspace       used 142820K, committed 143808K, reserved 1179648K
  class space    used 18666K, committed 19136K, reserved 1048576K
}
Event: 83.274 GC heap before
{Heap before GC invocations=21 (full 0):
 garbage-first heap   total 221184K, used 159339K [0x0000000400000000, 0x0000000800000000)
  region size 8192K, 10 young (81920K), 1 survivors (8192K)
 Metaspace       used 142831K, committed 143808K, reserved 1179648K
  class space    used 18666K, committed 19136K, reserved 1048576K
}
Event: 83.288 GC heap after
{Heap after GC invocations=22 (full 0):
 garbage-first heap   total 221184K, used 89077K [0x0000000400000000, 0x0000000800000000)
  region size 8192K, 2 young (16384K), 2 survivors (16384K)
 Metaspace       used 142831K, committed 143808K, reserved 1179648K
  class space    used 18666K, committed 19136K, reserved 1048576K
}
Event: 83.502 GC heap before
{Heap before GC invocations=22 (full 0):
 garbage-first heap   total 221184K, used 162805K [0x0000000400000000, 0x0000000800000000)
  region size 8192K, 11 young (90112K), 2 survivors (16384K)
 Metaspace       used 142831K, committed 143808K, reserved 1179648K
  class space    used 18666K, committed 19136K, reserved 1048576K
}
Event: 83.521 GC heap after
{Heap after GC invocations=23 (full 0):
 garbage-first heap   total 221184K, used 92557K [0x0000000400000000, 0x0000000800000000)
  region size 8192K, 2 young (16384K), 2 survivors (16384K)
 Metaspace       used 142831K, committed 143808K, reserved 1179648K
  class space    used 18666K, committed 19136K, reserved 1048576K
}
Event: 83.686 GC heap before
{Heap before GC invocations=23 (full 0):
 garbage-first heap   total 221184K, used 158093K [0x0000000400000000, 0x0000000800000000)
  region size 8192K, 10 young (81920K), 2 survivors (16384K)
 Metaspace       used 142831K, committed 143808K, reserved 1179648K
  class space    used 18666K, committed 19136K, reserved 1048576K
}
Event: 83.704 GC heap after
{Heap after GC invocations=24 (full 0):
 garbage-first heap   total 221184K, used 95192K [0x0000000400000000, 0x0000000800000000)
  region size 8192K, 2 young (16384K), 2 survivors (16384K)
 Metaspace       used 142831K, committed 143808K, reserved 1179648K
  class space    used 18666K, committed 19136K, reserved 1048576K
}
Event: 83.829 GC heap before
{Heap before GC invocations=24 (full 0):
 garbage-first heap   total 221184K, used 160728K [0x0000000400000000, 0x0000000800000000)
  region size 8192K, 10 young (81920K), 2 survivors (16384K)
 Metaspace       used 142831K, committed 143808K, reserved 1179648K
  class space    used 18666K, committed 19136K, reserved 1048576K
}
Event: 83.849 GC heap after
{Heap after GC invocations=25 (full 0):
 garbage-first heap   total 638976K, used 99003K [0x0000000400000000, 0x0000000800000000)
  region size 8192K, 2 young (16384K), 2 survivors (16384K)
 Metaspace       used 142831K, committed 143808K, reserved 1179648K
  class space    used 18666K, committed 19136K, reserved 1048576K
}
Event: 88.725 GC heap before
{Heap before GC invocations=25 (full 0):
 garbage-first heap   total 638976K, used 484027K [0x0000000400000000, 0x0000000800000000)
  region size 8192K, 46 young (376832K), 2 survivors (16384K)
 Metaspace       used 144589K, committed 145664K, reserved 1179648K
  class space    used 18839K, committed 19328K, reserved 1048576K
}
Event: 88.746 GC heap after
{Heap after GC invocations=26 (full 0):
 garbage-first heap   total 638976K, used 108824K [0x0000000400000000, 0x0000000800000000)
  region size 8192K, 3 young (24576K), 3 survivors (24576K)
 Metaspace       used 144589K, committed 145664K, reserved 1179648K
  class space    used 18839K, committed 19328K, reserved 1048576K
}
Event: 92.686 GC heap before
{Heap before GC invocations=26 (full 0):
 garbage-first heap   total 638976K, used 502040K [0x0000000400000000, 0x0000000800000000)
  region size 8192K, 46 young (376832K), 3 survivors (24576K)
 Metaspace       used 145048K, committed 146112K, reserved 1179648K
  class space    used 18846K, committed 19328K, reserved 1048576K
}
Event: 92.705 GC heap after
{Heap after GC invocations=27 (full 0):
 garbage-first heap   total 638976K, used 108956K [0x0000000400000000, 0x0000000800000000)
  region size 8192K, 3 young (24576K), 3 survivors (24576K)
 Metaspace       used 145048K, committed 146112K, reserved 1179648K
  class space    used 18846K, committed 19328K, reserved 1048576K
}

